[2025-06-04 08:36:39] Load setting.ini Compelete
[2025-06-04 08:36:39] 	-> File path 1 = D:/_Develop/Qt_Project/VisionSW/build/Desktop_Qt_6_5_3_MSVC2019_64bit-Release/release/image/test_image_1.jpg
[2025-06-04 08:36:39] 	-> File path 2 = D:/_Develop/Qt_Project/VisionSW/build/Desktop_Qt_6_5_3_MSVC2019_64bit-Release/release/image/test_image_2.jpg
[2025-06-04 08:36:39] 	-> File path 3 = D:/_Develop/Qt_Project/VisionSW/build/Desktop_Qt_6_5_3_MSVC2019_64bit-Release/release/image/test_image_3.jpg
[2025-06-04 08:36:39] 	-> save path = D:/_Develop/Qt_Project/VisionSW/build/Desktop_Qt_6_5_3_MSVC2019_64bit-Release/release/result
[2025-06-04 08:36:39] 	-> kernelSize = 21
[2025-06-04 08:36:57] =====Opencv_dll.dll Start=====
[2025-06-04 08:36:57] 	 ->D:/_Develop/Qt_Project/VisionSW/build/Desktop_Qt_6_5_3_MSVC2019_64bit-Release/release/image/test_image_1.jpg
[2025-06-04 08:36:57] 	 ->D:/_Develop/Qt_Project/VisionSW/build/Desktop_Qt_6_5_3_MSVC2019_64bit-Release/release/image/test_image_2.jpg
[2025-06-04 08:36:57] 	 ->D:/_Develop/Qt_Project/VisionSW/build/Desktop_Qt_6_5_3_MSVC2019_64bit-Release/release/image/test_image_3.jpg
[2025-06-04 08:36:58] 		 <opencv>test_image_1.jpg processing time: 260ms
[2025-06-04 08:36:58] 		 <opencv>test_image_3.jpg processing time: 280ms
[2025-06-04 08:36:58] 		 <opencv>test_image_2.jpg processing time: 282ms
[2025-06-04 08:37:02] 		 <custom>test_image_1.jpg processing time: 363ms
[2025-06-04 08:37:02] 		 <custom>test_image_3.jpg processing time: 380ms
[2025-06-04 08:37:02] 		 <custom>test_image_2.jpg processing time: 384ms
[2025-06-04 08:37:06] File: test_image_1.jpg
[2025-06-04 08:37:06] 		 -> Diff Image
[2025-06-04 08:37:06] File: test_image_2.jpg
[2025-06-04 08:37:06] 		 -> Diff Image
[2025-06-04 08:37:06] File: test_image_3.jpg
[2025-06-04 08:37:06] 		 -> Diff Image
[2025-06-04 08:40:59] Load setting.ini Compelete
[2025-06-04 08:40:59] 	-> File path 1 = C:/Users/User/Desktop/aaaaaa/image/test_image_1.jpg
[2025-06-04 08:40:59] 	-> File path 2 = C:/Users/User/Desktop/aaaaaa/image/test_image_2.jpg
[2025-06-04 08:40:59] 	-> File path 3 = C:/Users/User/Desktop/aaaaaa/image/test_image_3.jpg
[2025-06-04 08:40:59] 	-> save path = C:/Users/User/Desktop/aaaaaa/result
[2025-06-04 08:40:59] 	-> kernelSize = 21
[2025-06-04 14:38:41] Load setting.ini Compelete
[2025-06-04 14:38:41] 	-> File path 1 = C:/Users/User/Desktop/aaaassss/EXE_FILE/image/test_image_1.jpg
[2025-06-04 14:38:41] 	-> File path 2 = C:/Users/User/Desktop/aaaassss/EXE_FILE/image/test_image_2.jpg
[2025-06-04 14:38:41] 	-> File path 3 = C:/Users/User/Desktop/aaaassss/EXE_FILE/image/test_image_3.jpg
[2025-06-04 14:38:41] 	-> save path = C:/Users/User/Desktop/aaaassss/EXE_FILE/result
[2025-06-04 14:38:41] 	-> kernelSize = 21
